<?xml version="1.0" encoding="UTF-8"?>
<!-- Generated by org.testng.reporters.JUnitXMLReporter -->
<testsuite hostname="cenghuimingdeMacBook-Pro.local" ignored="0" name="Default test" tests="4" failures="0" timestamp="08 十一月 2017 12:26:16 GMT" time="69.256" errors="0">
  <testcase name="runCase" time="6.878" classname="com.appium.android.AndroidTestBase"/>
  <testcase name="runCase" time="14.597" classname="com.appium.android.AndroidTestBase"/>
  <testcase name="runCase" time="11.78" classname="com.appium.android.AndroidTestBase"/>
  <testcase name="runCase" time="17.98" classname="com.appium.android.AndroidTestBase"/>
</testsuite> <!-- Default test -->
